This is pdfTeX, Version 3.14159265-2.6-1.40.16 (TeX Live 2015) (preloaded format=pdflatex 2015.5.24)  25 JAN 2016 18:01
entering extended mode
 restricted \write18 enabled.
 %&-line parsing enabled.
**paper.tex
(./paper.tex
LaTeX2e <2015/01/01>
Babel <3.9l> and hyphenation patterns for 79 languages loaded.
(/usr/local/texlive/2015/texmf-dist/tex/latex/revtex/revtex4-1.cls
Document Class: revtex4-1 2010/07/25/20:33:00 4.1r (http://publish.aps.org/revt
ex4/ for documentation)
 Copyright (c) 2009 The American Physical Society.
 mailto:revtex@aps.org
 Licensed under the LPPL:
http://www.ctan.org/tex-archive/macros/latex/base/lppl.txt
 Arthur Ogawa <arthur_ogawa at sbcglobal dot net>
 Based on work by David Carlisle <david at dcarlisle.demon.co.uk>.
ltxutil[2010/07/25/20:33:00 4.1r utilities package (portions licensed from W. E
. Baxter web at superscript.com)]
LaTeX Info: Redefining \@centercr on input line 308.
Class revtex4-1 Info: Repairing broken LaTeX eqnarray on input line 358.
\eqncolsep=\skip41
Class revtex4-1 Info: Repairing hyperref-unfriendly LaTeX definition of \mpfoot
note on input line 433.
Class revtex4-1 Info: Repairing broken LateX \@sect on input line 755.
\intertabularlinepenalty=\count79
\@tbpen=\count80
\@arstrutbox@hline=\box26
Class revtex4-1 Info: Repairing broken LaTeX \@xbitor on input line 1786.
Class revtex4-1 Info: Making \typeout \long on input line 2046.
ltxfront[2010/07/25/20:33:00 4.1r frontmatter package (AO,DPC)]
\c@affil=\count81
\c@collab=\count82
\absbox=\box27
ltxgrid[2010/07/25/20:33:00 4.1r page grid package (portions licensed from W. E
. Baxter web at superscript.com)]
\c@linecount=\count83
\output@latex=\toks14
\box@size@1=\box28
\box@size@2=\box29
\@protection@box=\box30
\@topmark@saved=\toks15
\footins@saved=\box31
\footins@recovered=\box32
\column@recovered=\box33
\pagesofar=\box34
\footsofar=\box35
\pagegrid@col=\count84
Class revtex4-1 Info: Overriding \@vspace, \@vspacer, \@no@pgbk, \@newline, and
 \\  on input line 5578.
\c@part=\count85
\c@section=\count86
\c@subsection=\count87
\c@subsubsection=\count88
\c@paragraph=\count89
\c@subparagraph=\count90
\abovecaptionskip=\skip42
\belowcaptionskip=\skip43
\c@figure=\count91
\fbox@1=\box36
\c@table=\count92
\fbox@2=\box37
\c@video=\count93
\fbox@4=\box38
\@bibdataout=\write3
\widetext@top=\box39
\widetext@bot=\box40
Class revtex4-1 Info: Selecting society aps on input line 7542.
(/usr/local/texlive/2015/texmf-dist/tex/latex/revtex/aps4-1.rtx
File: aps4-1 2010/07/25/20:33:00 4.1r (http://publish.aps.org/revtex4/ for docu
mentation)
Class revtex4-1 Info: RevTeX society APS selected on input line 31.
)

Class revtex4-1 Warning: No journal specified, using default pra.

Class revtex4-1 Info: APS journal PRA selected on input line 7545.

Class revtex4-1 Warning: No type size specified, using default 10.

(/usr/local/texlive/2015/texmf-dist/tex/latex/revtex/aps10pt4-1.rtx
File: aps10pt4-1 2010/07/25/20:33:00 4.1r (http://publish.aps.org/revtex4/ for 
documentation)
Class revtex4-1 Info: RevTeX pointsize 10pt selected on input line 30.
)
(/usr/local/texlive/2015/texmf-dist/tex/latex/textcase/textcase.sty
Package: textcase 2004/10/07 v0.07 Text only upper/lower case changing (DPC)
)
(/usr/local/texlive/2015/texmf-dist/tex/latex/amsfonts/amssymb.sty
Package: amssymb 2013/01/14 v3.01 AMS font symbols

(/usr/local/texlive/2015/texmf-dist/tex/latex/amsfonts/amsfonts.sty
Package: amsfonts 2013/01/14 v3.01 Basic AMSFonts support
\@emptytoks=\toks16
\symAMSa=\mathgroup4
\symAMSb=\mathgroup5
LaTeX Font Info:    Overwriting math alphabet `\mathfrak' in version `bold'
(Font)                  U/euf/m/n --> U/euf/b/n on input line 106.
))
(/usr/local/texlive/2015/texmf-dist/tex/latex/amsmath/amsmath.sty
Package: amsmath 2013/01/14 v2.14 AMS math features
\@mathmargin=\skip44

For additional information on amsmath, use the `?' option.
(/usr/local/texlive/2015/texmf-dist/tex/latex/amsmath/amstext.sty
Package: amstext 2000/06/29 v2.01

(/usr/local/texlive/2015/texmf-dist/tex/latex/amsmath/amsgen.sty
File: amsgen.sty 1999/11/30 v2.0
\@emptytoks=\toks17
\ex@=\dimen102
)
LaTeX Info: Redefining \text on input line 39.
)
(/usr/local/texlive/2015/texmf-dist/tex/latex/amsmath/amsbsy.sty
Package: amsbsy 1999/11/29 v1.2d
\pmbraise@=\dimen103
)
(/usr/local/texlive/2015/texmf-dist/tex/latex/amsmath/amsopn.sty
Package: amsopn 1999/12/14 v2.01 operator names
)
\inf@bad=\count94
LaTeX Info: Redefining \frac on input line 210.
\uproot@=\count95
\leftroot@=\count96
LaTeX Info: Redefining \overline on input line 306.
\classnum@=\count97
\DOTSCASE@=\count98
LaTeX Info: Redefining \ldots on input line 378.
LaTeX Info: Redefining \dots on input line 381.
LaTeX Info: Redefining \cdots on input line 466.
\Mathstrutbox@=\box41
\strutbox@=\box42
\big@size=\dimen104
LaTeX Font Info:    Redeclaring font encoding OML on input line 566.
LaTeX Font Info:    Redeclaring font encoding OMS on input line 567.
\macc@depth=\count99
\c@MaxMatrixCols=\count100
\dotsspace@=\muskip10
\c@parentequation=\count101
\dspbrk@lvl=\count102
\tag@help=\toks18
\row@=\count103
\column@=\count104
\maxfields@=\count105
\andhelp@=\toks19
\eqnshift@=\dimen105
\alignsep@=\dimen106
\tagshift@=\dimen107
\tagwidth@=\dimen108
\totwidth@=\dimen109
\lineht@=\dimen110
\@envbody=\toks20
\multlinegap=\skip45
\multlinetaggap=\skip46
\mathdisplay@stack=\toks21
LaTeX Info: Redefining \[ on input line 2665.
LaTeX Info: Redefining \] on input line 2666.
)
(/usr/local/texlive/2015/texmf-dist/tex/latex/url/url.sty
\Urlmuskip=\muskip11
Package: url 2013/09/16  ver 3.4  Verb mode for urls, etc.
)
(/usr/local/texlive/2015/texmf-dist/tex/latex/natbib/natbib.sty
Package: natbib 2010/09/13 8.31b (PWD, AO)
\bibhang=\skip47
\bibsep=\skip48
LaTeX Info: Redefining \cite on input line 694.
\c@NAT@ctr=\count106
)
Class revtex4-1 Info: Repairing natbib's \BibitemShut on input line 7549.

(/usr/local/texlive/2015/texmf-dist/tex/latex/revtex/revsymb4-1.sty
Package: revsymb4-1 2010/07/25/20:33:00 4.1r (http://publish.aps.org/revtex4/ f
or documentation)
LaTeX Info: Redefining \frak on input line 95.
LaTeX Info: Redefining \Bbb on input line 111.
LaTeX Info: Redefining \REV@mathfrak on input line 119.
))
(/usr/local/texlive/2015/texmf-dist/tex/latex/tools/bm.sty
Package: bm 2014/10/28 v1.1c Bold Symbol Support (DPC/FMi)
\symboldoperators=\mathgroup6
\symboldletters=\mathgroup7
\symboldsymbols=\mathgroup8
LaTeX Font Info:    Redeclaring math alphabet \mathbf on input line 141.
LaTeX Info: Redefining \bm on input line 207.
)
(/usr/local/texlive/2015/texmf-dist/tex/latex/xcolor/xcolor.sty
Package: xcolor 2007/01/21 v2.11 LaTeX color extensions (UK)

(/usr/local/texlive/2015/texmf-dist/tex/latex/latexconfig/color.cfg
File: color.cfg 2007/01/18 v1.5 color configuration of teTeX/TeXLive
)
Package xcolor Info: Driver file: pdftex.def on input line 225.

(/usr/local/texlive/2015/texmf-dist/tex/latex/pdftex-def/pdftex.def
File: pdftex.def 2011/05/27 v0.06d Graphics/color for pdfTeX

(/usr/local/texlive/2015/texmf-dist/tex/generic/oberdiek/infwarerr.sty
Package: infwarerr 2010/04/08 v1.3 Providing info/warning/error messages (HO)
)
(/usr/local/texlive/2015/texmf-dist/tex/generic/oberdiek/ltxcmds.sty
Package: ltxcmds 2011/11/09 v1.22 LaTeX kernel commands for general use (HO)
)
\Gread@gobject=\count107
)
Package xcolor Info: Model `cmy' substituted by `cmy0' on input line 1337.
Package xcolor Info: Model `hsb' substituted by `rgb' on input line 1341.
Package xcolor Info: Model `RGB' extended on input line 1353.
Package xcolor Info: Model `HTML' substituted by `rgb' on input line 1355.
Package xcolor Info: Model `Hsb' substituted by `hsb' on input line 1356.
Package xcolor Info: Model `tHsb' substituted by `hsb' on input line 1357.
Package xcolor Info: Model `HSB' substituted by `hsb' on input line 1358.
Package xcolor Info: Model `Gray' substituted by `gray' on input line 1359.
Package xcolor Info: Model `wave' substituted by `hsb' on input line 1360.
)
(/usr/local/texlive/2015/texmf-dist/tex/latex/tools/dcolumn.sty
Package: dcolumn 2014/10/28 v1.06 decimal alignment package (DPC)

(/usr/local/texlive/2015/texmf-dist/tex/latex/tools/array.sty
Package: array 2014/10/28 v2.4c Tabular extension package (FMi)
\col@sep=\dimen111
\extrarowheight=\dimen112
\NC@list=\toks22
\extratabsurround=\skip49
\backup@length=\skip50
))
(/usr/local/texlive/2015/texmf-dist/tex/latex/graphics/epsfig.sty
Package: epsfig 1999/02/16 v1.7a (e)psfig emulation (SPQR)

(/usr/local/texlive/2015/texmf-dist/tex/latex/graphics/graphicx.sty
Package: graphicx 2014/10/28 v1.0g Enhanced LaTeX Graphics (DPC,SPQR)

(/usr/local/texlive/2015/texmf-dist/tex/latex/graphics/keyval.sty
Package: keyval 2014/10/28 v1.15 key=value parser (DPC)
\KV@toks@=\toks23
)
(/usr/local/texlive/2015/texmf-dist/tex/latex/graphics/graphics.sty
Package: graphics 2014/10/28 v1.0p Standard LaTeX Graphics (DPC,SPQR)

(/usr/local/texlive/2015/texmf-dist/tex/latex/graphics/trig.sty
Package: trig 1999/03/16 v1.09 sin cos tan (DPC)
)
(/usr/local/texlive/2015/texmf-dist/tex/latex/latexconfig/graphics.cfg
File: graphics.cfg 2010/04/23 v1.9 graphics configuration of TeX Live
)
Package graphics Info: Driver file: pdftex.def on input line 94.
)
\Gin@req@height=\dimen113
\Gin@req@width=\dimen114
)
\epsfxsize=\dimen115
\epsfysize=\dimen116
)
(/usr/local/texlive/2015/texmf-dist/tex/latex/float/float.sty
Package: float 2001/11/08 v1.3d Float enhancements (AL)
\c@float@type=\count108
\float@exts=\toks24
\float@box=\box43
\@float@everytoks=\toks25
\@floatcapt=\box44
)
(/usr/local/texlive/2015/texmf-dist/tex/latex/multirow/multirow.sty
\bigstrutjot=\dimen117
)
(/usr/local/texlive/2015/texmf-dist/tex/latex/subfigure/subfigure.sty
Package: subfigure 2002/03/15 v2.1.5 subfigure package
\subfigtopskip=\skip51
\subfigcapskip=\skip52
\subfigcaptopadj=\dimen118
\subfigbottomskip=\skip53
\subfigcapmargin=\dimen119
\subfiglabelskip=\skip54
\c@subfigure=\count109
\c@lofdepth=\count110
\c@subtable=\count111
\c@lotdepth=\count112

****************************************
* Local config file subfigure.cfg used *
****************************************
(/usr/local/texlive/2015/texmf-dist/tex/latex/subfigure/subfigure.cfg)
\subfig@top=\skip55
\subfig@bottom=\skip56
)
Class revtex4-1 Info: Patching array package. on input line 32.


Class revtex4-1 Warning: Repair the float package.

Class revtex4-1 Info: Robustifying \LaTeX's \boldmath command on input line 32.

Class revtex4-1 Info: cite was not loaded (OK!) on input line 32.
Class revtex4-1 Info: mcite was not loaded (OK!) on input line 32.
Class revtex4-1 Info: multicol was not loaded (OK!) on input line 32.
(./paper.aux)
\openout1 = `paper.aux'.

LaTeX Font Info:    Checking defaults for OML/cmm/m/it on input line 32.
LaTeX Font Info:    ... okay on input line 32.
LaTeX Font Info:    Checking defaults for T1/cmr/m/n on input line 32.
LaTeX Font Info:    ... okay on input line 32.
LaTeX Font Info:    Checking defaults for OT1/cmr/m/n on input line 32.
LaTeX Font Info:    ... okay on input line 32.
LaTeX Font Info:    Checking defaults for OMS/cmsy/m/n on input line 32.
LaTeX Font Info:    ... okay on input line 32.
LaTeX Font Info:    Checking defaults for OMX/cmex/m/n on input line 32.
LaTeX Font Info:    ... okay on input line 32.
LaTeX Font Info:    Checking defaults for U/cmr/m/n on input line 32.
LaTeX Font Info:    ... okay on input line 32.

(/usr/local/texlive/2015/texmf-dist/tex/context/base/supp-pdf.mkii
[Loading MPS to PDF converter (version 2006.09.02).]
\scratchcounter=\count113
\scratchdimen=\dimen120
\scratchbox=\box45
\nofMPsegments=\count114
\nofMParguments=\count115
\everyMPshowfont=\toks26
\MPscratchCnt=\count116
\MPscratchDim=\dimen121
\MPnumerator=\count117
\makeMPintoPDFobject=\count118
\everyMPtoPDFconversion=\toks27
) (/usr/local/texlive/2015/texmf-dist/tex/generic/oberdiek/pdftexcmds.sty
Package: pdftexcmds 2011/11/29 v0.20 Utility functions of pdfTeX for LuaTeX (HO
)

(/usr/local/texlive/2015/texmf-dist/tex/generic/oberdiek/ifluatex.sty
Package: ifluatex 2010/03/01 v1.3 Provides the ifluatex switch (HO)
Package ifluatex Info: LuaTeX not detected.
)
(/usr/local/texlive/2015/texmf-dist/tex/generic/oberdiek/ifpdf.sty
Package: ifpdf 2011/01/30 v2.3 Provides the ifpdf switch (HO)
Package ifpdf Info: pdfTeX in PDF mode is detected.
)
Package pdftexcmds Info: LuaTeX not detected.
Package pdftexcmds Info: \pdf@primitive is available.
Package pdftexcmds Info: \pdf@ifprimitive is available.
Package pdftexcmds Info: \pdfdraftmode found.
)
(/usr/local/texlive/2015/texmf-dist/tex/latex/oberdiek/epstopdf-base.sty
Package: epstopdf-base 2010/02/09 v2.5 Base part for package epstopdf

(/usr/local/texlive/2015/texmf-dist/tex/latex/oberdiek/grfext.sty
Package: grfext 2010/08/19 v1.1 Manage graphics extensions (HO)

(/usr/local/texlive/2015/texmf-dist/tex/generic/oberdiek/kvdefinekeys.sty
Package: kvdefinekeys 2011/04/07 v1.3 Define keys (HO)
))
(/usr/local/texlive/2015/texmf-dist/tex/latex/oberdiek/kvoptions.sty
Package: kvoptions 2011/06/30 v3.11 Key value format for package options (HO)

(/usr/local/texlive/2015/texmf-dist/tex/generic/oberdiek/kvsetkeys.sty
Package: kvsetkeys 2012/04/25 v1.16 Key value parser (HO)

(/usr/local/texlive/2015/texmf-dist/tex/generic/oberdiek/etexcmds.sty
Package: etexcmds 2011/02/16 v1.5 Avoid name clashes with e-TeX commands (HO)
Package etexcmds Info: Could not find \expanded.
(etexcmds)             That can mean that you are not using pdfTeX 1.50 or
(etexcmds)             that some package has redefined \expanded.
(etexcmds)             In the latter case, load this package earlier.
)))
Package grfext Info: Graphics extension search list:
(grfext)             [.png,.pdf,.jpg,.mps,.jpeg,.jbig2,.jb2,.PNG,.PDF,.JPG,.JPE
G,.JBIG2,.JB2,.eps]
(grfext)             \AppendGraphicsExtensions on input line 452.

(/usr/local/texlive/2015/texmf-dist/tex/latex/latexconfig/epstopdf-sys.cfg
File: epstopdf-sys.cfg 2010/07/13 v1.3 Configuration of (r)epstopdf for TeX Liv
e
))
\openout3 = `paperNotes.bib'.

LaTeX Font Info:    Try loading font information for U+msa on input line 69.

(/usr/local/texlive/2015/texmf-dist/tex/latex/amsfonts/umsa.fd
File: umsa.fd 2013/01/14 v3.01 AMS symbols A
)
LaTeX Font Info:    Try loading font information for U+msb on input line 69.

(/usr/local/texlive/2015/texmf-dist/tex/latex/amsfonts/umsb.fd
File: umsb.fd 2013/01/14 v3.01 AMS symbols B
)

LaTeX Warning: Reference `subsec:SRG' on page 1 undefined on input line 127.


LaTeX Warning: Reference `subsec:DMC' on page 1 undefined on input line 127.


Package natbib Warning: Citation `HjorthJensen1995' on page 1 undefined on inpu
t line 139.


Package natbib Warning: Citation `Helgaker2002' on page 1 undefined on input li
ne 139.


Package natbib Warning: Citation `Reimann2002' on page 1 undefined on input lin
e 140.


Package natbib Warning: Citation `Kvaal2007' on page 1 undefined on input line 
155.

[1{/usr/local/texlive/2015/texmf-var/fonts/map/pdftex/updmap/pdftex.map}]

Package natbib Warning: Citation `RamMohan2002' on page 2 undefined on input li
ne 169.

<fig-shell-structure.pdf, id=19, 972.23247pt x 552.04271pt>
File: fig-shell-structure.pdf Graphic file (type pdf)

<use fig-shell-structure.pdf>
Package pdftex.def Info: fig-shell-structure.pdf used on input line 260.
(pdftex.def)             Requested size: 244.79782pt x 138.99588pt.
 [2]

LaTeX Warning: A float is stuck (cannot be placed) on input line 286.


LaTeX Warning: A float is stuck (cannot be placed) on input line 286.


Class revtex4-1 Warning: Deferred float stuck during \clearpage processing.

[3 <./fig-shell-structure.pdf>]
LaTeX Font Info:    Try loading font information for OMS+cmr on input line 451.


(/usr/local/texlive/2015/texmf-dist/tex/latex/base/omscmr.fd
File: omscmr.fd 2014/09/29 v2.5h Standard LaTeX font definitions
)
LaTeX Font Info:    Font shape `OMS/cmr/m/n' in size <8> not available
(Font)              Font shape `OMS/cmsy/m/n' tried instead on input line 451.

Underfull \hbox (badness 10000) in paragraph at lines 490--495

 []

[4]
Underfull \hbox (badness 1688) in paragraph at lines 523--528
\OT1/cmr/m/n/10 where the op-er-a-tor $[]$ de-notes the single-particle
 []


Underfull \hbox (badness 2689) in paragraph at lines 523--528
\OT1/cmr/m/n/10 symmetrized two-body ma-trix el-e-ments. Normal-
 []

[5]
Underfull \hbox (badness 10000) in paragraph at lines 607--610

 []

[6] <fig-diagrams-imsrg.pdf, id=47, 540.07834pt x 585.1166pt>
File: fig-diagrams-imsrg.pdf Graphic file (type pdf)

<use fig-diagrams-imsrg.pdf>
Package pdftex.def Info: fig-diagrams-imsrg.pdf used on input line 802.
(pdftex.def)             Requested size: 244.79782pt x 265.21065pt.
 [7]

LaTeX Warning: A float is stuck (cannot be placed) on input line 826.


LaTeX Warning: A float is stuck (cannot be placed) on input line 826.


Class revtex4-1 Warning: Deferred float stuck during \clearpage processing.

<fig-diagrams-sfe.pdf, id=52, 569.57452pt x 709.64629pt>
File: fig-diagrams-sfe.pdf Graphic file (type pdf)

<use fig-diagrams-sfe.pdf>
Package pdftex.def Info: fig-diagrams-sfe.pdf used on input line 892.
(pdftex.def)             Requested size: 244.79782pt x 305.00117pt.
 [8 <./fig-diagrams-imsrg.pdf>]

LaTeX Warning: A float is stuck (cannot be placed) on input line 935.


LaTeX Warning: A float is stuck (cannot be placed) on input line 935.


Class revtex4-1 Warning: Deferred float stuck during \clearpage processing.


Overfull \hbox (28.64166pt too wide) in paragraph at lines 989--989
[] 
 []

[9 <./fig-diagrams-sfe.pdf>]

LaTeX Warning: Reference `DMC_IS_GF_raw' on page 10 undefined on input line 100
4.

Missing character: There is no Ã in font cmr10!
Missing character: There is no © in font cmr10!

LaTeX Warning: Reference `eq:potential' on page 10 undefined on input line 1036
.

[10] <figures/6parthw1.pdf, id=69, 578.16pt x 433.62pt>
File: figures/6parthw1.pdf Graphic file (type pdf)

<use figures/6parthw1.pdf>
Package pdftex.def Info: figures/6parthw1.pdf used on input line 1099.
(pdftex.def)             Requested size: 193.80249pt x 145.35126pt.
 <figures/6parthw05.pdf, id=70, 578.16pt x 433.62pt>
File: figures/6parthw05.pdf Graphic file (type pdf)

<use figures/6parthw05.pdf>
Package pdftex.def Info: figures/6parthw05.pdf used on input line 1103.
(pdftex.def)             Requested size: 193.80249pt x 145.35126pt.

<figures/6parthw028.pdf, id=71, 578.16pt x 433.62pt>
File: figures/6parthw028.pdf Graphic file (type pdf)

<use figures/6parthw028.pdf>
Package pdftex.def Info: figures/6parthw028.pdf used on input line 1107.
(pdftex.def)             Requested size: 193.80249pt x 145.35126pt.

<figures/6parthw01.pdf, id=72, 578.16pt x 433.62pt>
File: figures/6parthw01.pdf Graphic file (type pdf)

<use figures/6parthw01.pdf>
Package pdftex.def Info: figures/6parthw01.pdf used on input line 1111.
(pdftex.def)             Requested size: 193.80249pt x 145.35126pt.


LaTeX Warning: Float too large for page by 102.90503pt on input line 1123.

<figures/12parthw1.pdf, id=73, 578.16pt x 433.62pt>
File: figures/12parthw1.pdf Graphic file (type pdf)

<use figures/12parthw1.pdf>
Package pdftex.def Info: figures/12parthw1.pdf used on input line 1134.
(pdftex.def)             Requested size: 193.80249pt x 145.35126pt.

<figures/12parthw05.pdf, id=74, 578.16pt x 433.62pt>
File: figures/12parthw05.pdf Graphic file (type pdf)

<use figures/12parthw05.pdf>
Package pdftex.def Info: figures/12parthw05.pdf used on input line 1138.
(pdftex.def)             Requested size: 193.80249pt x 145.35126pt.

<figures/12parthw028.pdf, id=75, 578.16pt x 433.62pt>
File: figures/12parthw028.pdf Graphic file (type pdf)

<use figures/12parthw028.pdf>
Package pdftex.def Info: figures/12parthw028.pdf used on input line 1142.
(pdftex.def)             Requested size: 193.80249pt x 145.35126pt.

<figures/12parthw01.pdf, id=76, 578.16pt x 433.62pt>
File: figures/12parthw01.pdf Graphic file (type pdf)

<use figures/12parthw01.pdf>
Package pdftex.def Info: figures/12parthw01.pdf used on input line 1146.
(pdftex.def)             Requested size: 193.80249pt x 145.35126pt.


LaTeX Warning: Float too large for page by 102.90503pt on input line 1158.

<figures/20parthw1.pdf, id=77, 578.16pt x 433.62pt>
File: figures/20parthw1.pdf Graphic file (type pdf)

<use figures/20parthw1.pdf>
Package pdftex.def Info: figures/20parthw1.pdf used on input line 1169.
(pdftex.def)             Requested size: 193.80249pt x 145.35126pt.

<figures/20parthw05.pdf, id=78, 578.16pt x 433.62pt>
File: figures/20parthw05.pdf Graphic file (type pdf)

<use figures/20parthw05.pdf>
Package pdftex.def Info: figures/20parthw05.pdf used on input line 1172.
(pdftex.def)             Requested size: 193.80249pt x 145.35126pt.

<figures/20parthw028.pdf, id=79, 578.16pt x 433.62pt>
File: figures/20parthw028.pdf Graphic file (type pdf)

<use figures/20parthw028.pdf>
Package pdftex.def Info: figures/20parthw028.pdf used on input line 1176.
(pdftex.def)             Requested size: 193.80249pt x 145.35126pt.

<figures/20parthw01.pdf, id=80, 578.16pt x 433.62pt>
File: figures/20parthw01.pdf Graphic file (type pdf)

<use figures/20parthw01.pdf>
Package pdftex.def Info: figures/20parthw01.pdf used on input line 1179.
(pdftex.def)             Requested size: 193.80249pt x 145.35126pt.


LaTeX Warning: Float too large for page by 102.90503pt on input line 1191.

<figures/30parthw1.pdf, id=81, 578.16pt x 433.62pt>
File: figures/30parthw1.pdf Graphic file (type pdf)

<use figures/30parthw1.pdf>
Package pdftex.def Info: figures/30parthw1.pdf used on input line 1200.
(pdftex.def)             Requested size: 193.80249pt x 145.35126pt.

<figures/30parthw05.pdf, id=82, 578.16pt x 433.62pt>
File: figures/30parthw05.pdf Graphic file (type pdf)

<use figures/30parthw05.pdf>
Package pdftex.def Info: figures/30parthw05.pdf used on input line 1203.
(pdftex.def)             Requested size: 193.80249pt x 145.35126pt.

<figures/30parthw028.pdf, id=83, 578.16pt x 433.62pt>
File: figures/30parthw028.pdf Graphic file (type pdf)

<use figures/30parthw028.pdf>
Package pdftex.def Info: figures/30parthw028.pdf used on input line 1207.
(pdftex.def)             Requested size: 193.80249pt x 145.35126pt.

<figures/30parthw01.pdf, id=84, 578.16pt x 433.62pt>
File: figures/30parthw01.pdf Graphic file (type pdf)

<use figures/30parthw01.pdf>
Package pdftex.def Info: figures/30parthw01.pdf used on input line 1210.
(pdftex.def)             Requested size: 193.80249pt x 145.35126pt.


LaTeX Warning: Float too large for page by 102.90503pt on input line 1222.

<figures/42parthw1.pdf, id=85, 578.16pt x 433.62pt>
File: figures/42parthw1.pdf Graphic file (type pdf)

<use figures/42parthw1.pdf>
Package pdftex.def Info: figures/42parthw1.pdf used on input line 1231.
(pdftex.def)             Requested size: 193.80249pt x 145.35126pt.

<figures/42parthw05.pdf, id=86, 578.16pt x 433.62pt>
File: figures/42parthw05.pdf Graphic file (type pdf)

<use figures/42parthw05.pdf>
Package pdftex.def Info: figures/42parthw05.pdf used on input line 1234.
(pdftex.def)             Requested size: 193.80249pt x 145.35126pt.

<figures/42parthw028.pdf, id=87, 578.16pt x 433.62pt>
File: figures/42parthw028.pdf Graphic file (type pdf)

<use figures/42parthw028.pdf>
Package pdftex.def Info: figures/42parthw028.pdf used on input line 1238.
(pdftex.def)             Requested size: 193.80249pt x 145.35126pt.

<figures/42parthw01.pdf, id=88, 578.16pt x 433.62pt>
File: figures/42parthw01.pdf Graphic file (type pdf)

<use figures/42parthw01.pdf>
Package pdftex.def Info: figures/42parthw01.pdf used on input line 1241.
(pdftex.def)             Requested size: 193.80249pt x 145.35126pt.


LaTeX Warning: Float too large for page by 102.90503pt on input line 1253.


LaTeX Warning: Reference `fig:gs' on page 11 undefined on input line 1308.

[11 <./figures/6parthw1.pdf> <./figures/6parthw05.pdf

pdfTeX warning: pdflatex (file ./figures/6parthw05.pdf): PDF inclusion: multipl
e pdfs with page group included in a single page
> <./figures/6parthw028.pdf

pdfTeX warning: pdflatex (file ./figures/6parthw028.pdf): PDF inclusion: multip
le pdfs with page group included in a single page
> <./figures/6parthw01.pdf

pdfTeX warning: pdflatex (file ./figures/6parthw01.pdf): PDF inclusion: multipl
e pdfs with page group included in a single page
>]

LaTeX Warning: A float is stuck (cannot be placed) on input line 1326.


LaTeX Warning: A float is stuck (cannot be placed) on input line 1326.


Class revtex4-1 Warning: Deferred float stuck during \clearpage processing.

[12 <./figures/12parthw1.pdf> <./figures/12parthw05.pdf

pdfTeX warning: pdflatex (file ./figures/12parthw05.pdf): PDF inclusion: multip
le pdfs with page group included in a single page
> <./figures/12parthw028.pdf

pdfTeX warning: pdflatex (file ./figures/12parthw028.pdf): PDF inclusion: multi
ple pdfs with page group included in a single page
> <./figures/12parthw01.pdf

pdfTeX warning: pdflatex (file ./figures/12parthw01.pdf): PDF inclusion: multip
le pdfs with page group included in a single page
> <./figures/20parthw1.pdf

pdfTeX warning: pdflatex (file ./figures/20parthw1.pdf): PDF inclusion: multipl
e pdfs with page group included in a single page
> <./figures/20parthw05.pdf

pdfTeX warning: pdflatex (file ./figures/20parthw05.pdf): PDF inclusion: multip
le pdfs with page group included in a single page
> <./figures/20parthw028.pdf

pdfTeX warning: pdflatex (file ./figures/20parthw028.pdf): PDF inclusion: multi
ple pdfs with page group included in a single page
> <./figures/20parthw01.pdf

pdfTeX warning: pdflatex (file ./figures/20parthw01.pdf): PDF inclusion: multip
le pdfs with page group included in a single page
>]

LaTeX Warning: A float is stuck (cannot be placed) on input line 1326.


LaTeX Warning: A float is stuck (cannot be placed) on input line 1326.


Class revtex4-1 Warning: Deferred float stuck during \clearpage processing.

[13 <./figures/30parthw1.pdf> <./figures/30parthw05.pdf

pdfTeX warning: pdflatex (file ./figures/30parthw05.pdf): PDF inclusion: multip
le pdfs with page group included in a single page
> <./figures/30parthw028.pdf

pdfTeX warning: pdflatex (file ./figures/30parthw028.pdf): PDF inclusion: multi
ple pdfs with page group included in a single page
> <./figures/30parthw01.pdf

pdfTeX warning: pdflatex (file ./figures/30parthw01.pdf): PDF inclusion: multip
le pdfs with page group included in a single page
> <./figures/42parthw1.pdf

pdfTeX warning: pdflatex (file ./figures/42parthw1.pdf): PDF inclusion: multipl
e pdfs with page group included in a single page
> <./figures/42parthw05.pdf

pdfTeX warning: pdflatex (file ./figures/42parthw05.pdf): PDF inclusion: multip
le pdfs with page group included in a single page
> <./figures/42parthw028.pdf

pdfTeX warning: pdflatex (file ./figures/42parthw028.pdf): PDF inclusion: multi
ple pdfs with page group included in a single page
> <./figures/42parthw01.pdf

pdfTeX warning: pdflatex (file ./figures/42parthw01.pdf): PDF inclusion: multip
le pdfs with page group included in a single page
>]

LaTeX Warning: A float is stuck (cannot be placed) on input line 1326.


LaTeX Warning: A float is stuck (cannot be placed) on input line 1326.


Class revtex4-1 Warning: Deferred float stuck during \clearpage processing.


LaTeX Warning: Reference `fig:add' on page 14 undefined on input line 1330.


LaTeX Warning: Reference `fig:rm' on page 14 undefined on input line 1330.

[14] (./paper.bbl
Underfull \hbox (badness 2951) in paragraph at lines 101--107
 []\OT1/cmr/m/n/9 S. Strauf, K. Hen-nessy, M. Rakher, Y.-S. Choi,
 []


Underfull \hbox (badness 1859) in paragraph at lines 193--196
 []\OT1/cmr/m/n/9 M. Ped-er-sen Lohne, G. Ha-gen, M. Hjorth-Jensen,
 []

[15])

Package natbib Warning: There were undefined citations.

[16] (./paper.aux)

LaTeX Warning: There were undefined references.

 ) 
Here is how much of TeX's memory you used:
 5614 strings out of 493089
 75705 string characters out of 6134842
 184466 words of memory out of 5000000
 8968 multiletter control sequences out of 15000+600000
 16807 words of font info for 62 fonts, out of 8000000 for 9000
 1141 hyphenation exceptions out of 8191
 38i,19n,35p,713b,379s stack positions out of 5000i,500n,10000p,200000b,80000s
</usr/local/texlive/2015/texmf-dist/fonts/type1/public/amsfonts/cm/cmbx10.pfb
></usr/local/texlive/2015/texmf-dist/fonts/type1/public/amsfonts/cm/cmbx12.pfb>
</usr/local/texlive/2015/texmf-dist/fonts/type1/public/amsfonts/cm/cmbx7.pfb></
usr/local/texlive/2015/texmf-dist/fonts/type1/public/amsfonts/cm/cmbx9.pfb></us
r/local/texlive/2015/texmf-dist/fonts/type1/public/amsfonts/cm/cmex10.pfb></usr
/local/texlive/2015/texmf-dist/fonts/type1/public/amsfonts/cm/cmmi10.pfb></usr/
local/texlive/2015/texmf-dist/fonts/type1/public/amsfonts/cm/cmmi12.pfb></usr/l
ocal/texlive/2015/texmf-dist/fonts/type1/public/amsfonts/cm/cmmi5.pfb></usr/loc
al/texlive/2015/texmf-dist/fonts/type1/public/amsfonts/cm/cmmi6.pfb></usr/local
/texlive/2015/texmf-dist/fonts/type1/public/amsfonts/cm/cmmi7.pfb></usr/local/t
exlive/2015/texmf-dist/fonts/type1/public/amsfonts/cm/cmmi8.pfb></usr/local/tex
live/2015/texmf-dist/fonts/type1/public/amsfonts/cm/cmmi9.pfb></usr/local/texli
ve/2015/texmf-dist/fonts/type1/public/amsfonts/cm/cmmib10.pfb></usr/local/texli
ve/2015/texmf-dist/fonts/type1/public/amsfonts/cm/cmr10.pfb></usr/local/texlive
/2015/texmf-dist/fonts/type1/public/amsfonts/cm/cmr12.pfb></usr/local/texlive/2
015/texmf-dist/fonts/type1/public/amsfonts/cm/cmr17.pfb></usr/local/texlive/201
5/texmf-dist/fonts/type1/public/amsfonts/cm/cmr5.pfb></usr/local/texlive/2015/t
exmf-dist/fonts/type1/public/amsfonts/cm/cmr6.pfb></usr/local/texlive/2015/texm
f-dist/fonts/type1/public/amsfonts/cm/cmr7.pfb></usr/local/texlive/2015/texmf-d
ist/fonts/type1/public/amsfonts/cm/cmr8.pfb></usr/local/texlive/2015/texmf-dist
/fonts/type1/public/amsfonts/cm/cmr9.pfb></usr/local/texlive/2015/texmf-dist/fo
nts/type1/public/amsfonts/cm/cmsy10.pfb></usr/local/texlive/2015/texmf-dist/fon
ts/type1/public/amsfonts/cm/cmsy5.pfb></usr/local/texlive/2015/texmf-dist/fonts
/type1/public/amsfonts/cm/cmsy6.pfb></usr/local/texlive/2015/texmf-dist/fonts/t
ype1/public/amsfonts/cm/cmsy7.pfb></usr/local/texlive/2015/texmf-dist/fonts/typ
e1/public/amsfonts/cm/cmsy8.pfb></usr/local/texlive/2015/texmf-dist/fonts/type1
/public/amsfonts/cm/cmsy9.pfb></usr/local/texlive/2015/texmf-dist/fonts/type1/p
ublic/amsfonts/cm/cmti10.pfb></usr/local/texlive/2015/texmf-dist/fonts/type1/pu
blic/amsfonts/cm/cmti9.pfb></usr/local/texlive/2015/texmf-dist/fonts/type1/publ
ic/amsfonts/symbols/msbm10.pfb>
Output written on paper.pdf (16 pages, 615012 bytes).
PDF statistics:
 532 PDF objects out of 1000 (max. 8388607)
 394 compressed objects within 4 object streams
 0 named destinations out of 1000 (max. 500000)
 116 words of extra memory for PDF output out of 10000 (max. 10000000)

